This is pdfTeX, Version 3.14159265-2.6-1.40.15 (TeX Live 2014) (preloaded format=pdflatex 2015.2.15)  29 JUN 2022 05:49
entering extended mode
 restricted \write18 enabled.
 file:line:error style messages enabled.
 %&-line parsing enabled.
**paper_bssa_annotated.tex
(./paper_bssa_annotated.tex
LaTeX2e <2014/05/01>
Babel <3.9k> and hyphenation patterns for 78 languages loaded.
(/usr/local/texlive/2014/texmf-dist/tex/latex/base/article.cls
Document Class: article 2007/10/19 v1.4h Standard LaTeX document class
(/usr/local/texlive/2014/texmf-dist/tex/latex/base/size10.clo
File: size10.clo 2007/10/19 v1.4h Standard LaTeX file (size option)
)
\c@part=\count79
\c@section=\count80
\c@subsection=\count81
\c@subsubsection=\count82
\c@paragraph=\count83
\c@subparagraph=\count84
\c@figure=\count85
\c@table=\count86
\abovecaptionskip=\skip41
\belowcaptionskip=\skip42
\bibindent=\dimen102
)
(/usr/local/texlive/2014/texmf-dist/tex/latex/amsmath/amsmath.sty
Package: amsmath 2013/01/14 v2.14 AMS math features
\@mathmargin=\skip43

For additional information on amsmath, use the `?' option.
(/usr/local/texlive/2014/texmf-dist/tex/latex/amsmath/amstext.sty
Package: amstext 2000/06/29 v2.01

(/usr/local/texlive/2014/texmf-dist/tex/latex/amsmath/amsgen.sty
File: amsgen.sty 1999/11/30 v2.0
\@emptytoks=\toks14
\ex@=\dimen103
))
(/usr/local/texlive/2014/texmf-dist/tex/latex/amsmath/amsbsy.sty
Package: amsbsy 1999/11/29 v1.2d
\pmbraise@=\dimen104
)
(/usr/local/texlive/2014/texmf-dist/tex/latex/amsmath/amsopn.sty
Package: amsopn 1999/12/14 v2.01 operator names
)
\inf@bad=\count87
LaTeX Info: Redefining \frac on input line 210.
\uproot@=\count88
\leftroot@=\count89
LaTeX Info: Redefining \overline on input line 306.
\classnum@=\count90
\DOTSCASE@=\count91
LaTeX Info: Redefining \ldots on input line 378.
LaTeX Info: Redefining \dots on input line 381.
LaTeX Info: Redefining \cdots on input line 466.
\Mathstrutbox@=\box26
\strutbox@=\box27
\big@size=\dimen105
LaTeX Font Info:    Redeclaring font encoding OML on input line 566.
LaTeX Font Info:    Redeclaring font encoding OMS on input line 567.
\macc@depth=\count92
\c@MaxMatrixCols=\count93
\dotsspace@=\muskip10
\c@parentequation=\count94
\dspbrk@lvl=\count95
\tag@help=\toks15
\row@=\count96
\column@=\count97
\maxfields@=\count98
\andhelp@=\toks16
\eqnshift@=\dimen106
\alignsep@=\dimen107
\tagshift@=\dimen108
\tagwidth@=\dimen109
\totwidth@=\dimen110
\lineht@=\dimen111
\@envbody=\toks17
\multlinegap=\skip44
\multlinetaggap=\skip45
\mathdisplay@stack=\toks18
LaTeX Info: Redefining \[ on input line 2665.
LaTeX Info: Redefining \] on input line 2666.
)
(/usr/local/texlive/2014/texmf-dist/tex/latex/amsfonts/amssymb.sty
Package: amssymb 2013/01/14 v3.01 AMS font symbols

(/usr/local/texlive/2014/texmf-dist/tex/latex/amsfonts/amsfonts.sty
Package: amsfonts 2013/01/14 v3.01 Basic AMSFonts support
\symAMSa=\mathgroup4
\symAMSb=\mathgroup5
LaTeX Font Info:    Overwriting math alphabet `\mathfrak' in version `bold'
(Font)                  U/euf/m/n --> U/euf/b/n on input line 106.
))
(/usr/local/texlive/2014/texmf-dist/tex/latex/preprint/authblk.sty
Package: authblk 2001/02/27 1.3 (PWD)
\affilsep=\skip46
\@affilsep=\skip47
\c@Maxaffil=\count99
\c@authors=\count100
\c@affil=\count101
)
(/usr/local/texlive/2014/texmf-dist/tex/latex/graphics/color.sty
Package: color 2014/04/23 v1.1a Standard LaTeX Color (DPC)

(/usr/local/texlive/2014/texmf-dist/tex/latex/latexconfig/color.cfg
File: color.cfg 2007/01/18 v1.5 color configuration of teTeX/TeXLive
)
Package color Info: Driver file: pdftex.def on input line 137.

(/usr/local/texlive/2014/texmf-dist/tex/latex/pdftex-def/pdftex.def
File: pdftex.def 2011/05/27 v0.06d Graphics/color for pdfTeX

(/usr/local/texlive/2014/texmf-dist/tex/generic/oberdiek/infwarerr.sty
Package: infwarerr 2010/04/08 v1.3 Providing info/warning/error messages (HO)
)
(/usr/local/texlive/2014/texmf-dist/tex/generic/oberdiek/ltxcmds.sty
Package: ltxcmds 2011/11/09 v1.22 LaTeX kernel commands for general use (HO)
)
\Gread@gobject=\count102
))
(/usr/local/texlive/2014/texmf-dist/tex/latex/graphics/graphicx.sty
Package: graphicx 2014/04/25 v1.0g Enhanced LaTeX Graphics (DPC,SPQR)

(/usr/local/texlive/2014/texmf-dist/tex/latex/graphics/keyval.sty
Package: keyval 2014/05/08 v1.15 key=value parser (DPC)
\KV@toks@=\toks19
)
(/usr/local/texlive/2014/texmf-dist/tex/latex/graphics/graphics.sty
Package: graphics 2009/02/05 v1.0o Standard LaTeX Graphics (DPC,SPQR)

(/usr/local/texlive/2014/texmf-dist/tex/latex/graphics/trig.sty
Package: trig 1999/03/16 v1.09 sin cos tan (DPC)
)
(/usr/local/texlive/2014/texmf-dist/tex/latex/latexconfig/graphics.cfg
File: graphics.cfg 2010/04/23 v1.9 graphics configuration of TeX Live
)
Package graphics Info: Driver file: pdftex.def on input line 91.
)
\Gin@req@height=\dimen112
\Gin@req@width=\dimen113
)
(/usr/local/texlive/2014/texmf-dist/tex/latex/lineno/lineno.sty
Package: lineno 2005/11/02 line numbers on paragraphs v4.41
\linenopenalty=\count103
\output=\toks20
\linenoprevgraf=\count104
\linenumbersep=\dimen114
\linenumberwidth=\dimen115
\c@linenumber=\count105
\c@pagewiselinenumber=\count106
\c@LN@truepage=\count107
\c@internallinenumber=\count108
\c@internallinenumbers=\count109
\quotelinenumbersep=\dimen116
\bframerule=\dimen117
\bframesep=\dimen118
\bframebox=\box28
LaTeX Info: Redefining \\ on input line 3056.
)
(/usr/local/texlive/2014/texmf-dist/tex/latex/natbib/natbib.sty
Package: natbib 2010/09/13 8.31b (PWD, AO)
\bibhang=\skip48
\bibsep=\skip49
LaTeX Info: Redefining \cite on input line 694.
\c@NAT@ctr=\count110
)
(/usr/local/texlive/2014/texmf-dist/tex/latex/setspace/setspace.sty
Package: setspace 2011/12/19 v6.7a set line spacing
)
(/usr/local/texlive/2014/texmf-dist/tex/latex/url/url.sty
\Urlmuskip=\muskip11
Package: url 2013/09/16  ver 3.4  Verb mode for urls, etc.
)
(./paper_bssa_annotated.aux

LaTeX Warning: Label `pngfiguresample' multiply defined.


LaTeX Warning: Label `pngfiguresample' multiply defined.


LaTeX Warning: Label `pngfiguresample' multiply defined.


LaTeX Warning: Label `pngfiguresample' multiply defined.


LaTeX Warning: Label `pngfiguresample' multiply defined.


LaTeX Warning: Label `pngfiguresample' multiply defined.


LaTeX Warning: Label `pngfiguresample' multiply defined.


LaTeX Warning: Label `pngfiguresample' multiply defined.


LaTeX Warning: Label `pngfiguresample' multiply defined.


LaTeX Warning: Label `pngfiguresample' multiply defined.


LaTeX Warning: Label `pngfiguresample' multiply defined.


LaTeX Warning: Label `pngfiguresample' multiply defined.


LaTeX Warning: Label `pngfiguresample' multiply defined.

)
\openout1 = `paper_bssa_annotated.aux'.

LaTeX Font Info:    Checking defaults for OML/cmm/m/it on input line 23.
LaTeX Font Info:    ... okay on input line 23.
LaTeX Font Info:    Checking defaults for T1/cmr/m/n on input line 23.
LaTeX Font Info:    ... okay on input line 23.
LaTeX Font Info:    Checking defaults for OT1/cmr/m/n on input line 23.
LaTeX Font Info:    ... okay on input line 23.
LaTeX Font Info:    Checking defaults for OMS/cmsy/m/n on input line 23.
LaTeX Font Info:    ... okay on input line 23.
LaTeX Font Info:    Checking defaults for OMX/cmex/m/n on input line 23.
LaTeX Font Info:    ... okay on input line 23.
LaTeX Font Info:    Checking defaults for U/cmr/m/n on input line 23.
LaTeX Font Info:    ... okay on input line 23.
 (/usr/local/texlive/2014/texmf-dist/tex/context/base/supp-pdf.mkii
[Loading MPS to PDF converter (version 2006.09.02).]
\scratchcounter=\count111
\scratchdimen=\dimen119
\scratchbox=\box29
\nofMPsegments=\count112
\nofMParguments=\count113
\everyMPshowfont=\toks21
\MPscratchCnt=\count114
\MPscratchDim=\dimen120
\MPnumerator=\count115
\makeMPintoPDFobject=\count116
\everyMPtoPDFconversion=\toks22
) (/usr/local/texlive/2014/texmf-dist/tex/generic/oberdiek/pdftexcmds.sty
Package: pdftexcmds 2011/11/29 v0.20 Utility functions of pdfTeX for LuaTeX (HO
)

(/usr/local/texlive/2014/texmf-dist/tex/generic/oberdiek/ifluatex.sty
Package: ifluatex 2010/03/01 v1.3 Provides the ifluatex switch (HO)
Package ifluatex Info: LuaTeX not detected.
)
(/usr/local/texlive/2014/texmf-dist/tex/generic/oberdiek/ifpdf.sty
Package: ifpdf 2011/01/30 v2.3 Provides the ifpdf switch (HO)
Package ifpdf Info: pdfTeX in PDF mode is detected.
)
Package pdftexcmds Info: LuaTeX not detected.
Package pdftexcmds Info: \pdf@primitive is available.
Package pdftexcmds Info: \pdf@ifprimitive is available.
Package pdftexcmds Info: \pdfdraftmode found.
)
(/usr/local/texlive/2014/texmf-dist/tex/latex/oberdiek/epstopdf-base.sty
Package: epstopdf-base 2010/02/09 v2.5 Base part for package epstopdf

(/usr/local/texlive/2014/texmf-dist/tex/latex/oberdiek/grfext.sty
Package: grfext 2010/08/19 v1.1 Manage graphics extensions (HO)

(/usr/local/texlive/2014/texmf-dist/tex/generic/oberdiek/kvdefinekeys.sty
Package: kvdefinekeys 2011/04/07 v1.3 Define keys (HO)
))
(/usr/local/texlive/2014/texmf-dist/tex/latex/oberdiek/kvoptions.sty
Package: kvoptions 2011/06/30 v3.11 Key value format for package options (HO)

(/usr/local/texlive/2014/texmf-dist/tex/generic/oberdiek/kvsetkeys.sty
Package: kvsetkeys 2012/04/25 v1.16 Key value parser (HO)

(/usr/local/texlive/2014/texmf-dist/tex/generic/oberdiek/etexcmds.sty
Package: etexcmds 2011/02/16 v1.5 Avoid name clashes with e-TeX commands (HO)
Package etexcmds Info: Could not find \expanded.
(etexcmds)             That can mean that you are not using pdfTeX 1.50 or
(etexcmds)             that some package has redefined \expanded.
(etexcmds)             In the latter case, load this package earlier.
)))
Package grfext Info: Graphics extension search list:
(grfext)             [.png,.pdf,.jpg,.mps,.jpeg,.jbig2,.jb2,.PNG,.PDF,.JPG,.JPE
G,.JBIG2,.JB2,.eps]
(grfext)             \AppendGraphicsExtensions on input line 452.

(/usr/local/texlive/2014/texmf-dist/tex/latex/latexconfig/epstopdf-sys.cfg
File: epstopdf-sys.cfg 2010/07/13 v1.3 Configuration of (r)epstopdf for TeX Liv
e
))
LaTeX Font Info:    Try loading font information for U+msa on input line 25.

(/usr/local/texlive/2014/texmf-dist/tex/latex/amsfonts/umsa.fd
File: umsa.fd 2013/01/14 v3.01 AMS symbols A
)
LaTeX Font Info:    Try loading font information for U+msb on input line 25.

(/usr/local/texlive/2014/texmf-dist/tex/latex/amsfonts/umsb.fd
File: umsb.fd 2013/01/14 v3.01 AMS symbols B
)
LaTeX Font Info:    Try loading font information for OMS+cmr on input line 30.

(/usr/local/texlive/2014/texmf-dist/tex/latex/base/omscmr.fd
File: omscmr.fd 1999/05/25 v2.5h Standard LaTeX font definitions
)
LaTeX Font Info:    Font shape `OMS/cmr/m/n' in size <10> not available
(Font)              Font shape `OMS/cmsy/m/n' tried instead on input line 30.
 [1

{/usr/local/texlive/2014/texmf-var/fonts/map/pdftex/updmap/pdftex.map}] [2]
Underfull \hbox (badness 10000) in paragraph at lines 45--46

 []


Underfull \hbox (badness 10000) in paragraph at lines 47--48

 []

[3]
Overfull \hbox (1.00053pt too wide) in paragraph at lines 49--50
[]\OT1/cmr/m/n/10 In Cas-ca-dia, there are ro-bust sig-nals in both slow slip a
nd tremor  [Hawthorne
 []


Underfull \hbox (badness 10000) in paragraph at lines 49--50

 []


Underfull \hbox (badness 10000) in paragraph at lines 51--52

 []

[4]
Underfull \hbox (badness 10000) in paragraph at lines 53--54

 []


Underfull \hbox (badness 10000) in paragraph at lines 55--56

 []


Underfull \hbox (badness 10000) in paragraph at lines 57--58

 []

[5]
Underfull \hbox (badness 10000) in paragraph at lines 59--60

 []


Underfull \hbox (badness 10000) in paragraph at lines 61--62

 []

[6]
Underfull \hbox (badness 10000) in paragraph at lines 63--64

 []

[7]
Underfull \hbox (badness 10000) in paragraph at lines 67--68

 []

[8] [9]
Underfull \hbox (badness 10000) in paragraph at lines 83--84

 []

[10]
Underfull \hbox (badness 10000) in paragraph at lines 93--94

 []

[11]
Underfull \hbox (badness 10000) in paragraph at lines 105--106

 []


Underfull \hbox (badness 10000) in paragraph at lines 107--108

 []

[12]
Underfull \hbox (badness 10000) in paragraph at lines 111--112

 []

[13]
Underfull \hbox (badness 10000) in paragraph at lines 113--114

 []

[14]
Underfull \hbox (badness 10000) in paragraph at lines 115--116

 []

[15]
Underfull \hbox (badness 10000) in paragraph at lines 121--122

 []


Underfull \hbox (badness 10000) in paragraph at lines 123--124

 []

[16]
Underfull \hbox (badness 10000) in paragraph at lines 125--126

 []


Underfull \hbox (badness 10000) in paragraph at lines 127--128

 []

[17]
Underfull \hbox (badness 10000) in paragraph at lines 138--139

 []

[18]
Underfull \hbox (badness 10000) in paragraph at lines 140--141

 []


Underfull \hbox (badness 10000) in paragraph at lines 142--143

 []

[19]
Underfull \hbox (badness 10000) in paragraph at lines 144--145

 []


Underfull \hbox (badness 10000) in paragraph at lines 146--147

 []

[20]
Underfull \hbox (badness 10000) in paragraph at lines 148--149

 []

Missing character: There is no ‚ in font cmr10!
Missing character: There is no Ä in font cmr10!
Missing character: There is no ô in font cmr10!

Underfull \hbox (badness 10000) in paragraph at lines 150--151

 []

[21] [22]
Underfull \hbox (badness 10000) in paragraph at lines 156--157

 []

[23]
Missing character: There is no ‚ in font cmr10!
Missing character: There is no Ä in font cmr10!
Missing character: There is no ô in font cmr10!

Underfull \hbox (badness 10000) in paragraph at lines 158--159

 []

[24]
Underfull \hbox (badness 10000) in paragraph at lines 160--161

 []

[25]
Underfull \hbox (badness 10000) in paragraph at lines 162--163

 []

[26] [27] (./paper_bssa_annotated.bbl [28]
Missing character: There is no ‚ in font cmr10!
Missing character: There is no Ä in font cmr10!
Missing character: There is no ê in font cmr10!
Missing character: There is no ‚ in font cmr10!
Missing character: There is no Ä in font cmr10!
Missing character: There is no ê in font cmr10!
 [29]
Missing character: There is no ‚ in font cmr10!
Missing character: There is no Ä in font cmr10!
Missing character: There is no ê in font cmr10!
Missing character: There is no ‚ in font cmr10!
Missing character: There is no Ä in font cmr10!
Missing character: There is no ê in font cmr10!
Missing character: There is no ‚ in font cmr10!
Missing character: There is no Ä in font cmr10!
Missing character: There is no ê in font cmr10!
Missing character: There is no ‚ in font cmr10!
Missing character: There is no Ä in font cmr10!
Missing character: There is no ê in font cmr10!
Missing character: There is no ‚ in font cmr10!
Missing character: There is no Ä in font cmr10!
Missing character: There is no ê in font cmr10!
 [30]
Missing character: There is no ‚ in font cmr10!
Missing character: There is no Ä in font cmr10!
Missing character: There is no ê in font cmr10!
Missing character: There is no ‚ in font cmr10!
Missing character: There is no Ä in font cmr10!
Missing character: There is no ê in font cmr10!
Missing character: There is no ‚ in font cmr10!
Missing character: There is no Ä in font cmr10!
Missing character: There is no ê in font cmr10!
 [31]
Missing character: There is no ‚ in font cmr10!
Missing character: There is no Ä in font cmr10!
Missing character: There is no ê in font cmr10!
Missing character: There is no ‚ in font cmr10!
Missing character: There is no Ä in font cmr10!
Missing character: There is no ê in font cmr10!
 [32]) [33]
Underfull \hbox (badness 10000) in paragraph at lines 189--190

 []


Underfull \hbox (badness 10000) in paragraph at lines 191--192

 []

[34]
Overfull \hbox (41.11185pt too wide) in paragraph at lines 202--225
 [][] 
 []


Overfull \hbox (84.47307pt too wide) in paragraph at lines 256--278
 [][] 
 []


Overfull \hbox (31.41727pt too wide) in paragraph at lines 283--306
 [][] 
 []

[35] [36] [37] [38] [39]
Overfull \hbox (3.82472pt too wide) in paragraph at lines 369--370
[]\OT1/cmr/m/n/10 Figure 1. Demon-stra-tion of a wavelet de-com-po-si-tion for 
a syn-thetic dataset.
 []

[40

] [41] [42] [43] [44]
Package epstopdf Info: Source file: <figures/500_DS.eps>
(epstopdf)                    date: 2022-06-13 21:36:28
(epstopdf)                    size: 337805 bytes
(epstopdf)             Output file: <figures/500_DS-eps-converted-to.pdf>
(epstopdf)                    date: 2022-06-13 23:16:19
(epstopdf)                    size: 73884 bytes
(epstopdf)             Command: <repstopdf --outfile=figures/500_DS-eps-convert
ed-to.pdf figures/500_DS.eps>
(epstopdf)             \includegraphics on input line 404.
Package epstopdf Info: Output file is already uptodate.

<figures/500_DS-eps-converted-to.pdf, id=159, 1445.4pt x 2601.72pt>
File: figures/500_DS-eps-converted-to.pdf Graphic file (type pdf)

<use figures/500_DS-eps-converted-to.pdf>
Package pdftex.def Info: figures/500_DS-eps-converted-to.pdf used on input line
 404.
(pdftex.def)             Requested size: 312.9803pt x 563.3685pt.


LaTeX Warning: Float too large for page by 97.31294pt on input line 407.

Package epstopdf Info: Source file: <figures/cleaned_PGC5_lon.eps>
(epstopdf)                    date: 2022-06-13 21:48:50
(epstopdf)                    size: 580261 bytes
(epstopdf)             Output file: <figures/cleaned_PGC5_lon-eps-converted-to.
pdf>
(epstopdf)                    date: 2022-06-13 23:16:21
(epstopdf)                    size: 167613 bytes
(epstopdf)             Command: <repstopdf --outfile=figures/cleaned_PGC5_lon-e
ps-converted-to.pdf figures/cleaned_PGC5_lon.eps>
(epstopdf)             \includegraphics on input line 410.
Package epstopdf Info: Output file is already uptodate.
<figures/cleaned_PGC5_lon-eps-converted-to.pdf, id=161, 2168.1pt x 867.24pt>
File: figures/cleaned_PGC5_lon-eps-converted-to.pdf Graphic file (type pdf)

<use figures/cleaned_PGC5_lon-eps-converted-to.pdf>
Package pdftex.def Info: figures/cleaned_PGC5_lon-eps-converted-to.pdf used on 
input line 410.
(pdftex.def)             Requested size: 345.0pt x 137.99371pt.
Package epstopdf Info: Source file: <figures/map_GPS_stations.eps>
(epstopdf)                    date: 2022-06-13 22:04:54
(epstopdf)                    size: 2806793 bytes
(epstopdf)             Output file: <figures/map_GPS_stations-eps-converted-to.
pdf>
(epstopdf)                    date: 2022-06-13 23:16:30
(epstopdf)                    size: 7406593 bytes
(epstopdf)             Command: <repstopdf --outfile=figures/map_GPS_stations-e
ps-converted-to.pdf figures/map_GPS_stations.eps>
(epstopdf)             \includegraphics on input line 416.
Package epstopdf Info: Output file is already uptodate.

<figures/map_GPS_stations-eps-converted-to.pdf, id=163, 597.23125pt x 845.1575p
t>
File: figures/map_GPS_stations-eps-converted-to.pdf Graphic file (type pdf)
 <use figures/map_GPS_stations-eps-converted-to.pdf>
Package pdftex.def Info: figures/map_GPS_stations-eps-converted-to.pdf used on 
input line 416.
(pdftex.def)             Requested size: 345.0pt x 488.2186pt.
Package epstopdf Info: Source file: <figures/tremor_13.eps>
(epstopdf)                    date: 2022-06-13 23:14:47
(epstopdf)                    size: 301631 bytes
(epstopdf)             Output file: <figures/tremor_13-eps-converted-to.pdf>
(epstopdf)                    date: 2022-06-13 23:16:32
(epstopdf)                    size: 86477 bytes
(epstopdf)             Command: <repstopdf --outfile=figures/tremor_13-eps-conv
erted-to.pdf figures/tremor_13.eps>
(epstopdf)             \includegraphics on input line 422.
Package epstopdf Info: Output file is already uptodate.

<figures/tremor_13-eps-converted-to.pdf, id=165, 2168.1pt x 867.24pt>
File: figures/tremor_13-eps-converted-to.pdf Graphic file (type pdf)

<use figures/tremor_13-eps-converted-to.pdf>
Package pdftex.def Info: figures/tremor_13-eps-converted-to.pdf used on input l
ine 422.
(pdftex.def)             Requested size: 345.0pt x 137.99371pt.
Package epstopdf Info: Source file: <figures/GPS_longer_detail_8.eps>
(epstopdf)                    date: 2021-10-23 21:56:44
(epstopdf)                    size: 303511 bytes
(epstopdf)             Output file: <figures/GPS_longer_detail_8-eps-converted-
to.pdf>
(epstopdf)                    date: 2021-10-24 00:05:20
(epstopdf)                    size: 82006 bytes
(epstopdf)             Command: <repstopdf --outfile=figures/GPS_longer_detail_
8-eps-converted-to.pdf figures/GPS_longer_detail_8.eps>
(epstopdf)             \includegraphics on input line 428.
Package epstopdf Info: Output file is already uptodate.

<figures/GPS_longer_detail_8-eps-converted-to.pdf, id=167, 1156.32pt x 578.16pt
>
File: figures/GPS_longer_detail_8-eps-converted-to.pdf Graphic file (type pdf)
 <use figures/GPS_longer_detail_8-eps-converted-to.pdf>
Package pdftex.def Info: figures/GPS_longer_detail_8-eps-converted-to.pdf used 
on input line 428.
(pdftex.def)             Requested size: 345.0pt x 172.49655pt.
Package epstopdf Info: Source file: <figures/tremor_longer_detail_8.eps>
(epstopdf)                    date: 2021-10-23 21:56:45
(epstopdf)                    size: 270039 bytes
(epstopdf)             Output file: <figures/tremor_longer_detail_8-eps-convert
ed-to.pdf>
(epstopdf)                    date: 2021-10-24 00:05:21
(epstopdf)                    size: 71354 bytes
(epstopdf)             Command: <repstopdf --outfile=figures/tremor_longer_deta
il_8-eps-converted-to.pdf figures/tremor_longer_detail_8.eps>
(epstopdf)             \includegraphics on input line 430.
Package epstopdf Info: Output file is already uptodate.

<figures/tremor_longer_detail_8-eps-converted-to.pdf, id=169, 1156.32pt x 578.1
6pt>
File: figures/tremor_longer_detail_8-eps-converted-to.pdf Graphic file (type pd
f)
 <use figures/tremor_longer_detail_8-eps-converted-to.pdf>
Package pdftex.def Info: figures/tremor_longer_detail_8-eps-converted-to.pdf us
ed on input line 430.
(pdftex.def)             Requested size: 345.0pt x 172.49655pt.
Package epstopdf Info: Source file: <figures/GPS_longer_detail_7.eps>
(epstopdf)                    date: 2021-10-23 22:14:30
(epstopdf)                    size: 388353 bytes
(epstopdf)             Output file: <figures/GPS_longer_detail_7-eps-converted-
to.pdf>
(epstopdf)                    date: 2021-10-24 00:05:22
(epstopdf)                    size: 106324 bytes
(epstopdf)             Command: <repstopdf --outfile=figures/GPS_longer_detail_
7-eps-converted-to.pdf figures/GPS_longer_detail_7.eps>
(epstopdf)             \includegraphics on input line 436.
Package epstopdf Info: Output file is already uptodate.

<figures/GPS_longer_detail_7-eps-converted-to.pdf, id=171, 1156.32pt x 578.16pt
>
File: figures/GPS_longer_detail_7-eps-converted-to.pdf Graphic file (type pdf)
 <use figures/GPS_longer_detail_7-eps-converted-to.pdf>
Package pdftex.def Info: figures/GPS_longer_detail_7-eps-converted-to.pdf used 
on input line 436.
(pdftex.def)             Requested size: 345.0pt x 172.49655pt.
Package epstopdf Info: Source file: <figures/tremor_longer_detail_7.eps>
(epstopdf)                    date: 2021-10-23 22:14:31
(epstopdf)                    size: 291348 bytes
(epstopdf)             Output file: <figures/tremor_longer_detail_7-eps-convert
ed-to.pdf>
(epstopdf)                    date: 2021-10-24 00:05:24
(epstopdf)                    size: 90177 bytes
(epstopdf)             Command: <repstopdf --outfile=figures/tremor_longer_deta
il_7-eps-converted-to.pdf figures/tremor_longer_detail_7.eps>
(epstopdf)             \includegraphics on input line 438.
Package epstopdf Info: Output file is already uptodate.

<figures/tremor_longer_detail_7-eps-converted-to.pdf, id=173, 1156.32pt x 578.1
6pt>
File: figures/tremor_longer_detail_7-eps-converted-to.pdf Graphic file (type pd
f)
 <use figures/tremor_longer_detail_7-eps-converted-to.pdf>
Package pdftex.def Info: figures/tremor_longer_detail_7-eps-converted-to.pdf us
ed on input line 438.
(pdftex.def)             Requested size: 345.0pt x 172.49655pt.
Package epstopdf Info: Source file: <figures/GPS_longer_detail_6.eps>
(epstopdf)                    date: 2021-10-23 22:20:26
(epstopdf)                    size: 629242 bytes
(epstopdf)             Output file: <figures/GPS_longer_detail_6-eps-converted-
to.pdf>
(epstopdf)                    date: 2021-10-24 00:05:25
(epstopdf)                    size: 153086 bytes
(epstopdf)             Command: <repstopdf --outfile=figures/GPS_longer_detail_
6-eps-converted-to.pdf figures/GPS_longer_detail_6.eps>
(epstopdf)             \includegraphics on input line 444.
Package epstopdf Info: Output file is already uptodate.

<figures/GPS_longer_detail_6-eps-converted-to.pdf, id=175, 1156.32pt x 578.16pt
>
File: figures/GPS_longer_detail_6-eps-converted-to.pdf Graphic file (type pdf)
 <use figures/GPS_longer_detail_6-eps-converted-to.pdf>
Package pdftex.def Info: figures/GPS_longer_detail_6-eps-converted-to.pdf used 
on input line 444.
(pdftex.def)             Requested size: 345.0pt x 172.49655pt.
Package epstopdf Info: Source file: <figures/tremor_longer_detail_6.eps>
(epstopdf)                    date: 2021-10-23 22:20:26
(epstopdf)                    size: 360429 bytes
(epstopdf)             Output file: <figures/tremor_longer_detail_6-eps-convert
ed-to.pdf>
(epstopdf)                    date: 2022-03-07 06:30:13
(epstopdf)                    size: 106856 bytes
(epstopdf)             Command: <repstopdf --outfile=figures/tremor_longer_deta
il_6-eps-converted-to.pdf figures/tremor_longer_detail_6.eps>
(epstopdf)             \includegraphics on input line 446.
Package epstopdf Info: Output file is already uptodate.

<figures/tremor_longer_detail_6-eps-converted-to.pdf, id=177, 1156.32pt x 578.1
6pt>
File: figures/tremor_longer_detail_6-eps-converted-to.pdf Graphic file (type pd
f)
 <use figures/tremor_longer_detail_6-eps-converted-to.pdf>
Package pdftex.def Info: figures/tremor_longer_detail_6-eps-converted-to.pdf us
ed on input line 446.
(pdftex.def)             Requested size: 345.0pt x 172.49655pt.
Package epstopdf Info: Source file: <figures/ROC_6-7-8.eps>
(epstopdf)                    date: 2022-04-30 23:21:29
(epstopdf)                    size: 44500 bytes
(epstopdf)             Output file: <figures/ROC_6-7-8-eps-converted-to.pdf>
(epstopdf)                    date: 2022-04-30 23:26:22
(epstopdf)                    size: 40541 bytes
(epstopdf)             Command: <repstopdf --outfile=figures/ROC_6-7-8-eps-conv
erted-to.pdf figures/ROC_6-7-8.eps>
(epstopdf)             \includegraphics on input line 452.
Package epstopdf Info: Output file is already uptodate.

<figures/ROC_6-7-8-eps-converted-to.pdf, id=179, 578.16pt x 578.16pt>
File: figures/ROC_6-7-8-eps-converted-to.pdf Graphic file (type pdf)

<use figures/ROC_6-7-8-eps-converted-to.pdf>
Package pdftex.def Info: figures/ROC_6-7-8-eps-converted-to.pdf used on input l
ine 452.
(pdftex.def)             Requested size: 345.0pt x 344.99312pt.
Package epstopdf Info: Source file: <figures/GPS_longer_details_6-7-8.eps>
(epstopdf)                    date: 2022-04-30 22:46:39
(epstopdf)                    size: 532548 bytes
(epstopdf)             Output file: <figures/GPS_longer_details_6-7-8-eps-conve
rted-to.pdf>
(epstopdf)                    date: 2022-04-30 22:49:30
(epstopdf)                    size: 145585 bytes
(epstopdf)             Command: <repstopdf --outfile=figures/GPS_longer_details
_6-7-8-eps-converted-to.pdf figures/GPS_longer_details_6-7-8.eps>
(epstopdf)             \includegraphics on input line 458.
Package epstopdf Info: Output file is already uptodate.

<figures/GPS_longer_details_6-7-8-eps-converted-to.pdf, id=181, 1156.32pt x 578
.16pt>
File: figures/GPS_longer_details_6-7-8-eps-converted-to.pdf Graphic file (type 
pdf)
 <use figures/GPS_longer_details_6-7-8-eps-converted-to.pdf>
Package pdftex.def Info: figures/GPS_longer_details_6-7-8-eps-converted-to.pdf 
used on input line 458.
(pdftex.def)             Requested size: 345.0pt x 172.49655pt.
Package epstopdf Info: Source file: <figures/tremor_longer_detail_6-7-8.eps>
(epstopdf)                    date: 2021-10-23 23:10:47
(epstopdf)                    size: 380849 bytes
(epstopdf)             Output file: <figures/tremor_longer_detail_6-7-8-eps-con
verted-to.pdf>
(epstopdf)                    date: 2021-10-24 00:05:27
(epstopdf)                    size: 103812 bytes
(epstopdf)             Command: <repstopdf --outfile=figures/tremor_longer_deta
il_6-7-8-eps-converted-to.pdf figures/tremor_longer_detail_6-7-8.eps>
(epstopdf)             \includegraphics on input line 460.
Package epstopdf Info: Output file is already uptodate.

<figures/tremor_longer_detail_6-7-8-eps-converted-to.pdf, id=183, 1156.32pt x 5
78.16pt>
File: figures/tremor_longer_detail_6-7-8-eps-converted-to.pdf Graphic file (typ
e pdf)
 <use figures/tremor_longer_detail_6-7-8-eps-converted-to.pdf>
Package pdftex.def Info: figures/tremor_longer_detail_6-7-8-eps-converted-to.pd
f used on input line 460.
(pdftex.def)             Requested size: 345.0pt x 172.49655pt.
Package epstopdf Info: Source file: <figures/GPS_michel_detail_5.eps>
(epstopdf)                    date: 2021-12-15 07:55:42
(epstopdf)                    size: 553663 bytes
(epstopdf)             Output file: <figures/GPS_michel_detail_5-eps-converted-
to.pdf>
(epstopdf)                    date: 2022-03-07 06:30:24
(epstopdf)                    size: 165185 bytes
(epstopdf)             Command: <repstopdf --outfile=figures/GPS_michel_detail_
5-eps-converted-to.pdf figures/GPS_michel_detail_5.eps>
(epstopdf)             \includegraphics on input line 466.
Package epstopdf Info: Output file is already uptodate.

<figures/GPS_michel_detail_5-eps-converted-to.pdf, id=185, 1156.32pt x 578.16pt
>
File: figures/GPS_michel_detail_5-eps-converted-to.pdf Graphic file (type pdf)
 <use figures/GPS_michel_detail_5-eps-converted-to.pdf>
Package pdftex.def Info: figures/GPS_michel_detail_5-eps-converted-to.pdf used 
on input line 466.
(pdftex.def)             Requested size: 345.0pt x 172.49655pt.
Package epstopdf Info: Source file: <figures/GPS_longer_details_6-7-8_slowslip.
eps>
(epstopdf)                    date: 2022-04-30 23:02:37
(epstopdf)                    size: 439963 bytes
(epstopdf)             Output file: <figures/GPS_longer_details_6-7-8_slowslip-
eps-converted-to.pdf>
(epstopdf)                    date: 2022-04-30 23:03:26
(epstopdf)                    size: 140094 bytes
(epstopdf)             Command: <repstopdf --outfile=figures/GPS_longer_details
_6-7-8_slowslip-eps-converted-to.pdf figures/GPS_longer_details_6-7-8_slowslip.
eps>
(epstopdf)             \includegraphics on input line 472.
Package epstopdf Info: Output file is already uptodate.

<figures/GPS_longer_details_6-7-8_slowslip-eps-converted-to.pdf, id=187, 1156.3
2pt x 578.16pt>
File: figures/GPS_longer_details_6-7-8_slowslip-eps-converted-to.pdf Graphic fi
le (type pdf)

<use figures/GPS_longer_details_6-7-8_slowslip-eps-converted-to.pdf>
Package pdftex.def Info: figures/GPS_longer_details_6-7-8_slowslip-eps-converte
d-to.pdf used on input line 472.
(pdftex.def)             Requested size: 345.0pt x 172.49655pt.
Package epstopdf Info: Source file: <figures/map_GPS_stations_NZ.eps>
(epstopdf)                    date: 2022-04-13 18:17:03
(epstopdf)                    size: 552945 bytes
(epstopdf)             Output file: <figures/map_GPS_stations_NZ-eps-converted-
to.pdf>
(epstopdf)                    date: 2022-04-13 22:03:32
(epstopdf)                    size: 108369 bytes
(epstopdf)             Command: <repstopdf --outfile=figures/map_GPS_stations_N
Z-eps-converted-to.pdf figures/map_GPS_stations_NZ.eps>
(epstopdf)             \includegraphics on input line 478.
Package epstopdf Info: Output file is already uptodate.

<figures/map_GPS_stations_NZ-eps-converted-to.pdf, id=189, 597.23125pt x 845.15
75pt>
File: figures/map_GPS_stations_NZ-eps-converted-to.pdf Graphic file (type pdf)
 <use figures/map_GPS_stations_NZ-eps-converted-to.pdf>
Package pdftex.def Info: figures/map_GPS_stations_NZ-eps-converted-to.pdf used 
on input line 478.
(pdftex.def)             Requested size: 345.0pt x 488.2186pt.
Package epstopdf Info: Source file: <figures/GPS_NZ_details_6-7-8.eps>
(epstopdf)                    date: 2022-04-30 22:57:12
(epstopdf)                    size: 376654 bytes
(epstopdf)             Output file: <figures/GPS_NZ_details_6-7-8-eps-converted
-to.pdf>
(epstopdf)                    date: 2022-04-30 22:58:58
(epstopdf)                    size: 108196 bytes
(epstopdf)             Command: <repstopdf --outfile=figures/GPS_NZ_details_6-7
-8-eps-converted-to.pdf figures/GPS_NZ_details_6-7-8.eps>
(epstopdf)             \includegraphics on input line 484.
Package epstopdf Info: Output file is already uptodate.

<figures/GPS_NZ_details_6-7-8-eps-converted-to.pdf, id=191, 1156.32pt x 650.43p
t>
File: figures/GPS_NZ_details_6-7-8-eps-converted-to.pdf Graphic file (type pdf)

 <use figures/GPS_NZ_details_6-7-8-eps-converted-to.pdf>
Package pdftex.def Info: figures/GPS_NZ_details_6-7-8-eps-converted-to.pdf used
 on input line 484.
(pdftex.def)             Requested size: 345.0pt x 194.05862pt.
Package epstopdf Info: Source file: <figures/GPS_NZ_details_6-7-8_events.eps>
(epstopdf)                    date: 2022-04-30 22:56:05
(epstopdf)                    size: 319412 bytes
(epstopdf)             Output file: <figures/GPS_NZ_details_6-7-8_events-eps-co
nverted-to.pdf>
(epstopdf)                    date: 2022-04-30 22:58:59
(epstopdf)                    size: 104921 bytes
(epstopdf)             Command: <repstopdf --outfile=figures/GPS_NZ_details_6-7
-8_events-eps-converted-to.pdf figures/GPS_NZ_details_6-7-8_events.eps>
(epstopdf)             \includegraphics on input line 486.
Package epstopdf Info: Output file is already uptodate.

<figures/GPS_NZ_details_6-7-8_events-eps-converted-to.pdf, id=193, 1156.32pt x 
650.43pt>
File: figures/GPS_NZ_details_6-7-8_events-eps-converted-to.pdf Graphic file (ty
pe pdf)
 <use figures/GPS_NZ_details_6-7-8_events-eps-converted-to.pdf>
Package pdftex.def Info: figures/GPS_NZ_details_6-7-8_events-eps-converted-to.p
df used on input line 486.
(pdftex.def)             Requested size: 345.0pt x 194.05862pt.
Package epstopdf Info: Source file: <figures/GPS_NZ_details_6-7-8_2016-2022.eps
>
(epstopdf)                    date: 2022-04-30 22:58:21
(epstopdf)                    size: 338803 bytes
(epstopdf)             Output file: <figures/GPS_NZ_details_6-7-8_2016-2022-eps
-converted-to.pdf>
(epstopdf)                    date: 2022-04-30 22:59:01
(epstopdf)                    size: 99976 bytes
(epstopdf)             Command: <repstopdf --outfile=figures/GPS_NZ_details_6-7
-8_2016-2022-eps-converted-to.pdf figures/GPS_NZ_details_6-7-8_2016-2022.eps>
(epstopdf)             \includegraphics on input line 492.
Package epstopdf Info: Output file is already uptodate.

<figures/GPS_NZ_details_6-7-8_2016-2022-eps-converted-to.pdf, id=195, 1156.32pt
 x 650.43pt>
File: figures/GPS_NZ_details_6-7-8_2016-2022-eps-converted-to.pdf Graphic file 
(type pdf)
 <use figures/GPS_NZ_details_6-7-8_2016-2022-eps-converted-to.pdf>
Package pdftex.def Info: figures/GPS_NZ_details_6-7-8_2016-2022-eps-converted-t
o.pdf used on input line 492.
(pdftex.def)             Requested size: 345.0pt x 194.05862pt.

[45] [46 <./figures/500_DS-eps-converted-to.pdf>] [47 <./figures/cleaned_PGC5_l
on-eps-converted-to.pdf>] [48 <./figures/map_GPS_stations-eps-converted-to.pdf>
] [49 <./figures/tremor_13-eps-converted-to.pdf>] [50 <./figures/GPS_longer_det
ail_8-eps-converted-to.pdf> <./figures/tremor_longer_detail_8-eps-converted-to.
pdf>] [51 <./figures/GPS_longer_detail_7-eps-converted-to.pdf> <./figures/tremo
r_longer_detail_7-eps-converted-to.pdf>] [52 <./figures/GPS_longer_detail_6-eps
-converted-to.pdf> <./figures/tremor_longer_detail_6-eps-converted-to.pdf>]
[53 <./figures/ROC_6-7-8-eps-converted-to.pdf>] [54 <./figures/GPS_longer_detai
ls_6-7-8-eps-converted-to.pdf> <./figures/tremor_longer_detail_6-7-8-eps-conver
ted-to.pdf>] [55 <./figures/GPS_michel_detail_5-eps-converted-to.pdf> <./figure
s/GPS_longer_details_6-7-8_slowslip-eps-converted-to.pdf>] [56 <./figures/map_G
PS_stations_NZ-eps-converted-to.pdf>] [57 <./figures/GPS_NZ_details_6-7-8-eps-c
onverted-to.pdf> <./figures/GPS_NZ_details_6-7-8_events-eps-converted-to.pdf>]
[58 <./figures/GPS_NZ_details_6-7-8_2016-2022-eps-converted-to.pdf>]
(./paper_bssa_annotated.aux)

LaTeX Warning: There were multiply-defined labels.

 ) 
Here is how much of TeX's memory you used:
 3384 strings out of 493117
 48564 string characters out of 6135433
 133310 words of memory out of 5000000
 6766 multiletter control sequences out of 15000+600000
 12317 words of font info for 48 fonts, out of 8000000 for 9000
 1141 hyphenation exceptions out of 8191
 38i,9n,27p,2286b,299s stack positions out of 5000i,500n,10000p,200000b,80000s
</usr/local/texlive/2014/texmf-dist/fonts/type1/public/amsfonts/cm/cmbx10.pfb
></usr/local/texlive/2014/texmf-dist/fonts/type1/public/amsfonts/cm/cmbx12.pfb>
</usr/local/texlive/2014/texmf-dist/fonts/type1/public/amsfonts/cm/cmex10.pfb><
/usr/local/texlive/2014/texmf-dist/fonts/type1/public/amsfonts/cm/cmmi10.pfb></
usr/local/texlive/2014/texmf-dist/fonts/type1/public/amsfonts/cm/cmmi5.pfb></us
r/local/texlive/2014/texmf-dist/fonts/type1/public/amsfonts/cm/cmmi7.pfb></usr/
local/texlive/2014/texmf-dist/fonts/type1/public/amsfonts/cm/cmr10.pfb></usr/lo
cal/texlive/2014/texmf-dist/fonts/type1/public/amsfonts/cm/cmr12.pfb></usr/loca
l/texlive/2014/texmf-dist/fonts/type1/public/amsfonts/cm/cmr17.pfb></usr/local/
texlive/2014/texmf-dist/fonts/type1/public/amsfonts/cm/cmr5.pfb></usr/local/tex
live/2014/texmf-dist/fonts/type1/public/amsfonts/cm/cmr7.pfb></usr/local/texliv
e/2014/texmf-dist/fonts/type1/public/amsfonts/cm/cmr8.pfb></usr/local/texlive/2
014/texmf-dist/fonts/type1/public/amsfonts/cm/cmss8.pfb></usr/local/texlive/201
4/texmf-dist/fonts/type1/public/amsfonts/cm/cmsy10.pfb></usr/local/texlive/2014
/texmf-dist/fonts/type1/public/amsfonts/cm/cmsy7.pfb></usr/local/texlive/2014/t
exmf-dist/fonts/type1/public/amsfonts/cm/cmti10.pfb></usr/local/texlive/2014/te
xmf-dist/fonts/type1/public/amsfonts/cm/cmtt10.pfb>
Output written on paper_bssa_annotated.pdf (58 pages, 9593606 bytes).
PDF statistics:
 996 PDF objects out of 1000 (max. 8388607)
 278 compressed objects within 3 object streams
 0 named destinations out of 1000 (max. 500000)
 210 words of extra memory for PDF output out of 10000 (max. 10000000)

